<?xml version="1.0" encoding="UTF-8"?>
<!-- Generated by org.testng.reporters.JUnitReportReporter -->
<testsuite skipped="0" hostname="DESKTOP-FLFF310" name="a1_googleTest.A1_GoogleTest" tests="1" failures="0" timestamp="2023-05-16T09:49:25 IST" time="18.056" errors="0">
  <testcase name="validateGoogle" time="18.056" classname="a1_googleTest.A1_GoogleTest"/>
  <system-out/>
</testsuite> <!-- a1_googleTest.A1_GoogleTest -->
