<?xml version="1.0" encoding="UTF-8"?>
<!-- Generated by org.testng.reporters.JUnitReportReporter -->
<testsuite skipped="0" hostname="DESKTOP-FLFF310" name="a2_bingTest.A1_BingTest" tests="1" failures="0" timestamp="2023-05-16T09:49:25 IST" time="7.152" errors="0">
  <testcase name="validateGoogle" time="7.152" classname="a2_bingTest.A1_BingTest"/>
  <system-out/>
</testsuite> <!-- a2_bingTest.A1_BingTest -->
