<?xml version="1.0" encoding="UTF-8"?>
<!-- Generated by org.testng.reporters.JUnitReportReporter -->
<testsuite hostname="DESKTOP-FLFF310" failures="0" tests="1" name="a1_googleTest.A1_GoogleTest" time="19.031" errors="0" timestamp="2023-05-16T10:15:10 IST" skipped="0">
  <testcase classname="a1_googleTest.A1_GoogleTest" name="validateGoogle" time="19.031"/>
  <system-out/>
</testsuite> <!-- a1_googleTest.A1_GoogleTest -->
